==============================================================================
Suites                                                                        
==============================================================================
Suites.E2EForHRMNew                                                           
==============================================================================
Login                                                                 | PASS |
------------------------------------------------------------------------------
Search User For Application                                           | FAIL |
Element with locator 'id:searchSystemUser_userName' not found.
------------------------------------------------------------------------------
Create New User For Application                                       | FAIL |
Element with locator 'id:btnAdd' not found.
------------------------------------------------------------------------------
Logout From Application                                               | PASS |
------------------------------------------------------------------------------
Login With New User                                                   | PASS |
------------------------------------------------------------------------------
Suites.E2EForHRMNew                                                   | FAIL |
5 tests, 3 passed, 2 failed
==============================================================================
Suites                                                                | FAIL |
5 tests, 3 passed, 2 failed
==============================================================================
Output:  C:\Users\l\PycharmProjects\RobotFrameworkTraining\pabot_results\1\output.xml
